[03:42:31.527] [INFO] Storybook Upgrade - v9.1.10
[03:42:31.540] [INFO] detect-projects-spinner-start: Detecting projects...
[03:42:31.546] [DEBUG] Finding Storybook projects...
[03:42:31.755] [DEBUG] Found 0 Storybook projects
[03:45:34.448] [PROMPT] No Storybook projects were found. Please enter the path to the .storybook directory for the project you want to upgrade. {"choice":"./packages/ui/src"}
[03:45:34.499] [INFO] detect-projects-spinner: Detecting projects: 1 projects
[03:45:34.537] [DEBUG] Getting Storybook data...
[03:45:34.537] [DEBUG] Getting Storybook info...
[03:45:34.561] [DEBUG] Loading main config...
[03:45:34.575] [DEBUG] Error: Unable to find or evaluate null: SB_CORE-SERVER_0006 (MainFileMissingError): No configuration files have been found in your configDir: ./packages/ui/src.
Storybook needs a "main.js" file, please add it.

You can pass a --config-dir flag to tell Storybook, where your main.js file is located at.

More info: https://storybook.js.org/docs/configure?ref=error

[03:45:34.575] [INFO] detect-projects-spinner-stop: 1 project detected
[03:45:34.576] [DEBUG] Found 0 valid projects and 1 error projects
[03:45:34.581] [ERROR] Failed to get projects
[03:45:34.605] [ERROR] Error: ❌ Storybook found errors while collecting data for the following projects:
./packages/ui/src:
Error: Unable to find or evaluate null: SB_CORE-SERVER_0006 (MainFileMissingError): No configuration files have been found in your configDir: ./packages/ui/src.
Storybook needs a "main.js" file, please add it.

You can pass a --config-dir flag to tell Storybook, where your main.js file is located at.

More info: https://storybook.js.org/docs/configure?ref=error

    at getStorybookData (/Users/richtillman/.npm/_npx/f997e0db94fb5ab5/node_modules/@storybook/cli/dist/bin/index.cjs:78:2455)
    at async processProject (/Users/richtillman/.npm/_npx/f997e0db94fb5ab5/node_modules/@storybook/cli/dist/bin/index.cjs:71:5434)
Please fix the errors and run the upgrade command again.
    at getProjects (/Users/richtillman/.npm/_npx/f997e0db94fb5ab5/node_modules/@storybook/cli/dist/bin/index.cjs:76:10)
    at async /Users/richtillman/.npm/_npx/f997e0db94fb5ab5/node_modules/@storybook/cli/dist/bin/index.cjs:285:1637
    at async withTelemetry (/Users/richtillman/.npm/_npx/f997e0db94fb5ab5/node_modules/storybook/dist/core-server/index.cjs:42279:12)
    at async upgrade (/Users/richtillman/.npm/_npx/f997e0db94fb5ab5/node_modules/@storybook/cli/dist/bin/index.cjs:285:1361)
    at async Command.<anonymous> (/Users/richtillman/.npm/_npx/f997e0db94fb5ab5/node_modules/@storybook/cli/dist/bin/index.cjs:291:3312)
[03:45:35.023] [ERROR] Error: ❌ Storybook found errors while collecting data for the following projects:
./packages/ui/src:
Error: Unable to find or evaluate null: SB_CORE-SERVER_0006 (MainFileMissingError): No configuration files have been found in your configDir: ./packages/ui/src.
Storybook needs a "main.js" file, please add it.

You can pass a --config-dir flag to tell Storybook, where your main.js file is located at.

More info: https://storybook.js.org/docs/configure?ref=error

    at getStorybookData (/Users/richtillman/.npm/_npx/f997e0db94fb5ab5/node_modules/@storybook/cli/dist/bin/index.cjs:78:2455)
    at async processProject (/Users/richtillman/.npm/_npx/f997e0db94fb5ab5/node_modules/@storybook/cli/dist/bin/index.cjs:71:5434)
Please fix the errors and run the upgrade command again.